Mono path[0] = 'D:/Programming/Unity/MachineLearning/JumpingCarAI/Build/ML Agents Pro_Data/Managed'
Mono config path = 'D:/Programming/Unity/MachineLearning/JumpingCarAI/Build/MonoBleedingEdge/etc'
Initialize engine version: 2019.4.9f1 (50fe8a171dd9)
[Subsystems] Discovering subsystems at path D:/Programming/Unity/MachineLearning/JumpingCarAI/Build/ML Agents Pro_Data/UnitySubsystems
GfxDevice: creating device client; threaded=1
Direct3D:
    Version:  Direct3D 11.0 [level 11.1]
    Renderer: NVIDIA GeForce GTX 1060 (ID=0x1c20)
    Vendor:   
    VRAM:     6052 MB
    Driver:   27.21.14.5671
Begin MonoManager ReloadAssembly
- Completed reload, in  1.234 seconds
D3D11 device created for Microsoft Media Foundation video decoding.
<RI> Initializing input.
<RI> Input initialized.
<RI> Initialized touch support.
UnloadTime: 58.833200 ms
Fallback handler could not load library D:/Programming/Unity/MachineLearning/JumpingCarAI/Build/ML Agents Pro_Data/Mono/libcoreclr.so
Fallback handler could not load library D:/Programming/Unity/MachineLearning/JumpingCarAI/Build/ML Agents Pro_Data/Mono/libcoreclr.so.dll
Fallback handler could not load library D:/Programming/Unity/MachineLearning/JumpingCarAI/Build/ML Agents Pro_Data/Mono/libcoreclr.so
Fallback handler could not load library D:/Programming/Unity/MachineLearning/JumpingCarAI/Build/ML Agents Pro_Data/Mono/libdl.so
Fallback handler could not load library D:/Programming/Unity/MachineLearning/JumpingCarAI/Build/ML Agents Pro_Data/Mono/libdl.so.dll
Fallback handler could not load library D:/Programming/Unity/MachineLearning/JumpingCarAI/Build/ML Agents Pro_Data/Mono/libdl.so
Fallback handler could not load library D:/Programming/Unity/MachineLearning/JumpingCarAI/Build/ML Agents Pro_Data/Mono/libSystem.dylib
Fallback handler could not load library D:/Programming/Unity/MachineLearning/JumpingCarAI/Build/ML Agents Pro_Data/Mono/libSystem.dylib.dll
Fallback handler could not load library D:/Programming/Unity/MachineLearning/JumpingCarAI/Build/ML Agents Pro_Data/Mono/libSystem.dylib
Fallback handler could not load library D:/Programming/Unity/MachineLearning/JumpingCarAI/Build/ML Agents Pro_Data/Mono/libcoreclr.so
Fallback handler could not load library D:/Programming/Unity/MachineLearning/JumpingCarAI/Build/ML Agents Pro_Data/Mono/libcoreclr.so.dll
Fallback handler could not load library D:/Programming/Unity/MachineLearning/JumpingCarAI/Build/ML Agents Pro_Data/Mono/libcoreclr.so
Fallback handler could not load library D:/Programming/Unity/MachineLearning/JumpingCarAI/Build/ML Agents Pro_Data/Mono/libdl.so
Fallback handler could not load library D:/Programming/Unity/MachineLearning/JumpingCarAI/Build/ML Agents Pro_Data/Mono/libdl.so.dll
Fallback handler could not load library D:/Programming/Unity/MachineLearning/JumpingCarAI/Build/ML Agents Pro_Data/Mono/libdl.so
Fallback handler could not load library D:/Programming/Unity/MachineLearning/JumpingCarAI/Build/ML Agents Pro_Data/Mono/libSystem.dylib
Fallback handler could not load library D:/Programming/Unity/MachineLearning/JumpingCarAI/Build/ML Agents Pro_Data/Mono/libSystem.dylib.dll
Fallback handler could not load library D:/Programming/Unity/MachineLearning/JumpingCarAI/Build/ML Agents Pro_Data/Mono/libSystem.dylib
Setting up 6 worker threads for Enlighten.
  Thread -> id: 1c70 -> priority: 1 
  Thread -> id: 4ac -> priority: 1 
  Thread -> id: 2e48 -> priority: 1 
  Thread -> id: 5884 -> priority: 1 
  Thread -> id: 1658 -> priority: 1 
  Thread -> id: 4f10 -> priority: 1 
